<?xml version="1.0" encoding="UTF-8"?>
<!-- Generated by org.testng.reporters.JUnitReportReporter -->
<testsuite hostname="vishnu-HP-15-Notebook-PC" failures="0" tests="1" name="TestNg_Group.Sample2" time="0.006" errors="0" timestamp="2023-09-01T10:27:03 IST" skipped="0">
  <testcase classname="TestNg_Group.Sample2" name="Demo1" time="0.006"/>
  <system-out/>
</testsuite> <!-- TestNg_Group.Sample2 -->
