<?xml version="1.0" encoding="UTF-8"?>
<!-- Generated by org.testng.reporters.JUnitReportReporter -->
<testsuite hostname="vishnu-HP-15-Notebook-PC" failures="0" tests="3" name="TestNg_Sequential.Amazon" time="37.084" errors="0" timestamp="2023-09-03T16:02:29 IST" skipped="0">
  <testcase classname="TestNg_Sequential.Amazon" name="amazon" time="11.336"/>
  <system-out/>
  <testcase classname="TestNg_Sequential.Amazon" name="amazon" time="13.139"/>
  <system-out/>
  <testcase classname="TestNg_Sequential.Amazon" name="amazon" time="12.609"/>
  <system-out/>
</testsuite> <!-- TestNg_Sequential.Amazon -->
