<?xml version="1.0" encoding="UTF-8"?>
<!-- Generated by org.testng.reporters.JUnitReportReporter -->
<testsuite hostname="vishnu-HP-15-Notebook-PC" failures="0" tests="3" name="TestNg.DataProvider_1" time="21.253" errors="0" timestamp="2023-09-03T17:32:12 IST" skipped="0">
  <testcase classname="TestNg.DataProvider_1" name="demo" time="4.446"/>
  <system-out/>
  <testcase classname="TestNg.DataProvider_1" name="demo" time="4.246"/>
  <system-out/>
  <testcase classname="TestNg.DataProvider_1" name="demo" time="12.561"/>
  <system-out/>
</testsuite> <!-- TestNg.DataProvider_1 -->
