<?xml version="1.0" encoding="UTF-8"?>
<!-- Generated by org.testng.reporters.JUnitReportReporter -->
<testsuite hostname="vishnu-HP-15-Notebook-PC" failures="0" tests="3" name="TestNg.Priority_Invocation" time="0.015" errors="0" timestamp="2023-09-03T15:52:10 IST" skipped="1">
  <testcase classname="TestNg.Priority_Invocation" name="demo3" time="0.002"/>
  <system-out/>
  <testcase classname="TestNg.Priority_Invocation" name="demo3" time="0.013"/>
  <system-out/>
  <testcase classname="TestNg.Priority_Invocation" name="demo2">
    <skipped/>
  </testcase> <!-- demo2 -->
  <system-out/>
</testsuite> <!-- TestNg.Priority_Invocation -->
