<?xml version="1.0" encoding="UTF-8"?>
<!-- Generated by org.testng.reporters.JUnitReportReporter -->
<testsuite hostname="vishnu-HP-15-Notebook-PC" failures="0" tests="3" name="TestNg.DataProvider" time="33.635" errors="0" timestamp="2023-09-02T11:25:18 IST" skipped="0">
  <testcase classname="TestNg.DataProvider" name="demo" time="8.075"/>
  <system-out/>
  <testcase classname="TestNg.DataProvider" name="demo" time="7.062"/>
  <system-out/>
  <testcase classname="TestNg.DataProvider" name="demo" time="18.498"/>
  <system-out/>
</testsuite> <!-- TestNg.DataProvider -->
