<?xml version="1.0" encoding="UTF-8"?>
<!-- Generated by org.testng.reporters.JUnitReportReporter -->
<testsuite hostname="vishnu-HP-15-Notebook-PC" failures="0" tests="2" name="TestNg_Sequential.TestNg_CrossBrowser" time="107.662" errors="0" timestamp="2023-09-03T16:07:38 IST" skipped="0">
  <testcase classname="TestNg_Sequential.TestNg_CrossBrowser" name="crossBrowser" time="37.484"/>
  <system-out/>
  <testcase classname="TestNg_Sequential.TestNg_CrossBrowser" name="crossBrowser" time="70.178"/>
  <system-out/>
</testsuite> <!-- TestNg_Sequential.TestNg_CrossBrowser -->
