<?xml version="1.0" encoding="UTF-8"?>
<!-- Generated by org.testng.reporters.JUnitReportReporter -->
<testsuite hostname="vishnu-HP-15-Notebook-PC" failures="0" tests="3" name="TestNg_Sequential.Facebook" time="47.868" errors="0" timestamp="2023-09-03T16:02:29 IST" skipped="0">
  <testcase classname="TestNg_Sequential.Facebook" name="fb" time="22.281"/>
  <system-out/>
  <testcase classname="TestNg_Sequential.Facebook" name="fb" time="19.784"/>
  <system-out/>
  <testcase classname="TestNg_Sequential.Facebook" name="fb" time="5.803"/>
  <system-out/>
</testsuite> <!-- TestNg_Sequential.Facebook -->
