<?xml version="1.0" encoding="UTF-8"?>
<!-- Generated by org.testng.reporters.JUnitReportReporter -->
<testsuite hostname="vishnu-HP-15-Notebook-PC" failures="0" tests="1" name="TestNg_Distribution.Amazon" time="13.413" errors="0" timestamp="2023-09-03T17:08:21 IST" skipped="0">
  <testcase classname="TestNg_Distribution.Amazon" name="amazon" time="13.413"/>
  <system-out/>
</testsuite> <!-- TestNg_Distribution.Amazon -->
