<?xml version="1.0" encoding="UTF-8"?>
<!-- Generated by org.testng.reporters.JUnitReportReporter -->
<testsuite hostname="vishnu-HP-15-Notebook-PC" failures="0" tests="1" name="TestNg_Fail.Facebook" time="8.467" errors="0" timestamp="2023-09-02T10:58:48 IST" skipped="0">
  <testcase classname="TestNg_Fail.Facebook" name="facebook" time="8.467"/>
  <system-out/>
</testsuite> <!-- TestNg_Fail.Facebook -->
