<?xml version="1.0" encoding="UTF-8"?>
<!-- Generated by org.testng.reporters.JUnitReportReporter -->
<testsuite hostname="vishnu-HP-15-Notebook-PC" failures="0" tests="3" name="TestNg_Annotation.Annotation" time="16.417" errors="0" timestamp="2023-09-01T11:53:39 IST" skipped="0">
  <testcase classname="TestNg_Annotation.Annotation" name="fbBrowser" time="6.697"/>
  <system-out/>
  <testcase classname="TestNg_Annotation.Annotation" name="fbBrowser" time="4.519"/>
  <system-out/>
  <testcase classname="TestNg_Annotation.Annotation" name="amazonBrowser" time="5.201"/>
  <system-out/>
</testsuite> <!-- TestNg_Annotation.Annotation -->
