<?xml version="1.0" encoding="UTF-8"?>
<!-- Generated by org.testng.reporters.JUnitReportReporter -->
<testsuite hostname="vishnu-HP-15-Notebook-PC" failures="0" tests="1" name="TestNg.TestNg_Assertions" time="12.766" errors="0" timestamp="2023-09-06T20:21:50 IST" skipped="0">
  <testcase classname="TestNg.TestNg_Assertions" name="assertions" time="12.766"/>
  <system-out/>
</testsuite> <!-- TestNg.TestNg_Assertions -->
