<?xml version="1.0" encoding="UTF-8"?>
<!-- Generated by org.testng.reporters.JUnitReportReporter -->
<testsuite hostname="vishnu-HP-15-Notebook-PC" failures="0" tests="1" name="TestNg_Distribution.Facebook" time="9.847" errors="0" timestamp="2023-09-03T17:08:20 IST" skipped="0">
  <testcase classname="TestNg_Distribution.Facebook" name="fb" time="9.847"/>
  <system-out/>
</testsuite> <!-- TestNg_Distribution.Facebook -->
